core/src/xserver.c: (set_open_display: Runtime): 131160.154766
core/src/xserver.c: (set_open_tty: Runtime): 131160.154835
core/src/xserver.c: (start_xserver: Runtime): 131160.931618
app/src/frame.c: (display_frame: Runtime): 131161.387171
app/src/textimage.c: (display_text_image: Runtime): 131161.388947
app/src/username.c: (display_icon: Runtime): 131161.397560
app/src/username.c: (get_usernames: Runtime): 131161.410545
app/src/username.c: (set_username_entries: Runtime): 131161.410867
app/src/username.c: (setup_label: Runtime): 131161.410914
app/src/username.c: (setup_menu: Runtime): 131161.411138
app/src/username.c: (display_usr_menu: Runtime): 131161.411165
app/src/windowmanager.c: (get_window_managers: Runtime): 131161.421786
app/src/windowmanager.c: (set_window_manager_entries: Runtime): 131161.422294
app/src/windowmanager.c: (setup_menu: Runtime): 131161.423078
app/src/windowmanager.c: (display_window_manager: Runtime): 131161.423112
app/src/clock.c: (set_label: Runtime): 131161.430442
app/src/clock.c: (display_item: Runtime): 131161.430566
app/src/clock.c: (set_label: Runtime): 131161.436389
app/src/clock.c: (display_item: Runtime): 131161.436477
app/src/panel.c: (setup_button: Runtime): 131161.438899
app/src/panel.c: (display_item: Runtime): 131161.438965
app/src/panel.c: (setup_button: Runtime): 131161.441053
app/src/panel.c: (display_item: Runtime): 131161.441128
app/src/panel.c: (setup_button: Runtime): 131161.445795
app/src/panel.c: (display_item: Runtime): 131161.445930
app/src/password.c: (setup_entry: Runtime): 131161.453408
app/src/password.c: (display_password_entry: Runtime): 131161.453476
core/src/interface.c: (login_interface: Runtime): 131161.453496
app/src/frame.c: (draw_frame: Runtime): 131161.471864
app/src/frame.c: (draw_window: Runtime): 131161.471954
app/src/textimage.c: (draw_text: Runtime): 131161.491421
app/src/textimage.c: (draw_window: Runtime): 131161.491469
app/src/password.c: (get_entry_text: Runtime): 131173.425221
core/src/authenticate.c: (login: Runtime): 131184.113931
