
Date: Sat Nov  1 17:47:23 EDT 2014

Preview: 1

Starting compositing manager...
Displaying login interface...
Login interface finished.
Authentication failure
Login interface finished.

Date: Sat Nov  1 17:48:44 EDT 2014

Preview: 1

Starting compositing manager...
Displaying login interface...
Login interface finished.

Date: Sat Nov  1 17:50:16 EDT 2014

Preview: 1

Starting compositing manager...
Displaying login interface...
Login interface finished.

Date: Sat Nov  1 18:06:03 EDT 2014

Preview: 1

Starting compositing manager...
Displaying login interface...

Date: Sat Nov  1 18:07:47 EDT 2014

Preview: 1

Starting compositing manager...
Displaying login interface...
Login interface finished.

Date: Sat Nov  1 18:07:56 EDT 2014

Preview: 1

Starting compositing manager...
Displaying login interface...
Login interface finished.
Authentication failure
Login interface finished.
Authentication failure
Login interface finished.
