set_open_display        0.000048
set_open_tty            0.000002
start_xserver           0.000832
start_compman           2.101853
xsetup                  1.093042
xsetup                  0.291170
set_label               0.000078
display_item            0.161683
set_label               0.000048
display_item            0.002485
display_frame           0.015835
display_text_image      0.005526
set_wm_entries          0.048190
setup_menu              0.087026
display_window_manager  0.681611
display_icon            0.017807
get_username            0.000104
set_username_entries    0.014075
setup_label             0.000047
setup_menu              0.014753
display_usr_menu        0.039100
setup_button            0.009261
display_item            0.021148
setup_button            0.012848
display_item            0.015472
setup_button            0.013226
display_item            0.015655
setup_entry             0.000067
display_password_entry  0.079486
login_interface         2.243475
draw_frame              0.000172
draw_window             0.000305
draw_text               0.024165
draw_window             0.024267
get_entry_text          0.000771
